Performing C SOURCE FILE Test have_sa_len failed with the following output:
Change Dir: /home/hady/teleop/gbot_ws/build/libdatachannel/CMakeFiles/CMakeTmp

Run Build Command(s):/usr/bin/gmake -f Makefile cmTC_8982c/fast && /usr/bin/gmake  -f CMakeFiles/cmTC_8982c.dir/build.make CMakeFiles/cmTC_8982c.dir/build
gmake[1]: Entering directory '/home/hady/teleop/gbot_ws/build/libdatachannel/CMakeFiles/CMakeTmp'
Building C object CMakeFiles/cmTC_8982c.dir/src.c.o
/usr/bin/cc -Dhave_sa_len -I/home/hady/teleop/gbot_ws/libdatachannel/deps/usrsctp/usrsctplib -fPIE -o CMakeFiles/cmTC_8982c.dir/src.c.o -c /home/hady/teleop/gbot_ws/build/libdatachannel/CMakeFiles/CMakeTmp/src.c
/home/hady/teleop/gbot_ws/build/libdatachannel/CMakeFiles/CMakeTmp/src.c: In function ‘main’:
/home/hady/teleop/gbot_ws/build/libdatachannel/CMakeFiles/CMakeTmp/src.c:7:38: error: ‘struct sockaddr’ has no member named ‘sa_len’
    7 |   (void)sizeof(((struct sockaddr *)0)->sa_len);
      |                                      ^~
gmake[1]: *** [CMakeFiles/cmTC_8982c.dir/build.make:78: CMakeFiles/cmTC_8982c.dir/src.c.o] Error 1
gmake[1]: Leaving directory '/home/hady/teleop/gbot_ws/build/libdatachannel/CMakeFiles/CMakeTmp'
gmake: *** [Makefile:127: cmTC_8982c/fast] Error 2


Source file was:

#include <sys/types.h>
#include <sys/socket.h>

int main()
{
  (void)sizeof(((struct sockaddr *)0)->sa_len);
  return 0;
}

Performing C SOURCE FILE Test have_sin_len failed with the following output:
Change Dir: /home/hady/teleop/gbot_ws/build/libdatachannel/CMakeFiles/CMakeTmp

Run Build Command(s):/usr/bin/gmake -f Makefile cmTC_37ed6/fast && /usr/bin/gmake  -f CMakeFiles/cmTC_37ed6.dir/build.make CMakeFiles/cmTC_37ed6.dir/build
gmake[1]: Entering directory '/home/hady/teleop/gbot_ws/build/libdatachannel/CMakeFiles/CMakeTmp'
Building C object CMakeFiles/cmTC_37ed6.dir/src.c.o
/usr/bin/cc -Dhave_sin_len -I/home/hady/teleop/gbot_ws/libdatachannel/deps/usrsctp/usrsctplib -fPIE -o CMakeFiles/cmTC_37ed6.dir/src.c.o -c /home/hady/teleop/gbot_ws/build/libdatachannel/CMakeFiles/CMakeTmp/src.c
/home/hady/teleop/gbot_ws/build/libdatachannel/CMakeFiles/CMakeTmp/src.c: In function ‘main’:
/home/hady/teleop/gbot_ws/build/libdatachannel/CMakeFiles/CMakeTmp/src.c:7:41: error: ‘struct sockaddr_in’ has no member named ‘sin_len’
    7 |   (void)sizeof(((struct sockaddr_in *)0)->sin_len);
      |                                         ^~
gmake[1]: *** [CMakeFiles/cmTC_37ed6.dir/build.make:78: CMakeFiles/cmTC_37ed6.dir/src.c.o] Error 1
gmake[1]: Leaving directory '/home/hady/teleop/gbot_ws/build/libdatachannel/CMakeFiles/CMakeTmp'
gmake: *** [Makefile:127: cmTC_37ed6/fast] Error 2


Source file was:

#include <sys/types.h>
#include <netinet/in.h>

int main()
{
  (void)sizeof(((struct sockaddr_in *)0)->sin_len);
  return 0;
}

Performing C SOURCE FILE Test have_sin6_len failed with the following output:
Change Dir: /home/hady/teleop/gbot_ws/build/libdatachannel/CMakeFiles/CMakeTmp

Run Build Command(s):/usr/bin/gmake -f Makefile cmTC_741a6/fast && /usr/bin/gmake  -f CMakeFiles/cmTC_741a6.dir/build.make CMakeFiles/cmTC_741a6.dir/build
gmake[1]: Entering directory '/home/hady/teleop/gbot_ws/build/libdatachannel/CMakeFiles/CMakeTmp'
Building C object CMakeFiles/cmTC_741a6.dir/src.c.o
/usr/bin/cc -Dhave_sin6_len -I/home/hady/teleop/gbot_ws/libdatachannel/deps/usrsctp/usrsctplib -fPIE -o CMakeFiles/cmTC_741a6.dir/src.c.o -c /home/hady/teleop/gbot_ws/build/libdatachannel/CMakeFiles/CMakeTmp/src.c
/home/hady/teleop/gbot_ws/build/libdatachannel/CMakeFiles/CMakeTmp/src.c: In function ‘main’:
/home/hady/teleop/gbot_ws/build/libdatachannel/CMakeFiles/CMakeTmp/src.c:7:42: error: ‘struct sockaddr_in6’ has no member named ‘sin6_len’
    7 |   (void)sizeof(((struct sockaddr_in6 *)0)->sin6_len);
      |                                          ^~
gmake[1]: *** [CMakeFiles/cmTC_741a6.dir/build.make:78: CMakeFiles/cmTC_741a6.dir/src.c.o] Error 1
gmake[1]: Leaving directory '/home/hady/teleop/gbot_ws/build/libdatachannel/CMakeFiles/CMakeTmp'
gmake: *** [Makefile:127: cmTC_741a6/fast] Error 2


Source file was:

#include <sys/types.h>
#include <netinet/in.h>

int main()
{
  (void)sizeof(((struct sockaddr_in6 *)0)->sin6_len);
  return 0;
}

Performing C SOURCE FILE Test have_sconn_len failed with the following output:
Change Dir: /home/hady/teleop/gbot_ws/build/libdatachannel/CMakeFiles/CMakeTmp

Run Build Command(s):/usr/bin/gmake -f Makefile cmTC_0f240/fast && /usr/bin/gmake  -f CMakeFiles/cmTC_0f240.dir/build.make CMakeFiles/cmTC_0f240.dir/build
gmake[1]: Entering directory '/home/hady/teleop/gbot_ws/build/libdatachannel/CMakeFiles/CMakeTmp'
Building C object CMakeFiles/cmTC_0f240.dir/src.c.o
/usr/bin/cc -Dhave_sconn_len -I/home/hady/teleop/gbot_ws/libdatachannel/deps/usrsctp/usrsctplib -fPIE -o CMakeFiles/cmTC_0f240.dir/src.c.o -c /home/hady/teleop/gbot_ws/build/libdatachannel/CMakeFiles/CMakeTmp/src.c
/home/hady/teleop/gbot_ws/build/libdatachannel/CMakeFiles/CMakeTmp/src.c: In function ‘main’:
/home/hady/teleop/gbot_ws/build/libdatachannel/CMakeFiles/CMakeTmp/src.c:6:43: error: ‘struct sockaddr_conn’ has no member named ‘sconn_len’
    6 |   (void)sizeof(((struct sockaddr_conn *)0)->sconn_len);
      |                                           ^~
gmake[1]: *** [CMakeFiles/cmTC_0f240.dir/build.make:78: CMakeFiles/cmTC_0f240.dir/src.c.o] Error 1
gmake[1]: Leaving directory '/home/hady/teleop/gbot_ws/build/libdatachannel/CMakeFiles/CMakeTmp'
gmake: *** [Makefile:127: cmTC_0f240/fast] Error 2


Source file was:

#include <usrsctp.h>

int main()
{
  (void)sizeof(((struct sockaddr_conn *)0)->sconn_len);
  return 0;
}

Determining if the include file machine/types.h exists failed with the following output:
Change Dir: /home/hady/teleop/gbot_ws/build/libdatachannel/CMakeFiles/CMakeTmp

Run Build Command(s):/usr/bin/gmake -f Makefile cmTC_70fd1/fast && /usr/bin/gmake  -f CMakeFiles/cmTC_70fd1.dir/build.make CMakeFiles/cmTC_70fd1.dir/build
gmake[1]: Entering directory '/home/hady/teleop/gbot_ws/build/libdatachannel/CMakeFiles/CMakeTmp'
Building C object CMakeFiles/cmTC_70fd1.dir/CheckIncludeFile.c.o
/usr/bin/cc   -fPIE -o CMakeFiles/cmTC_70fd1.dir/CheckIncludeFile.c.o -c /home/hady/teleop/gbot_ws/build/libdatachannel/CMakeFiles/CMakeTmp/CheckIncludeFile.c
/home/hady/teleop/gbot_ws/build/libdatachannel/CMakeFiles/CMakeTmp/CheckIncludeFile.c:1:10: fatal error: machine/types.h: No such file or directory
    1 | #include <machine/types.h>
      |          ^~~~~~~~~~~~~~~~~
compilation terminated.
gmake[1]: *** [CMakeFiles/cmTC_70fd1.dir/build.make:78: CMakeFiles/cmTC_70fd1.dir/CheckIncludeFile.c.o] Error 1
gmake[1]: Leaving directory '/home/hady/teleop/gbot_ws/build/libdatachannel/CMakeFiles/CMakeTmp'
gmake: *** [Makefile:127: cmTC_70fd1/fast] Error 2



Determining if the include file sys/int_types.h exists failed with the following output:
Change Dir: /home/hady/teleop/gbot_ws/build/libdatachannel/CMakeFiles/CMakeTmp

Run Build Command(s):/usr/bin/gmake -f Makefile cmTC_cc33b/fast && /usr/bin/gmake  -f CMakeFiles/cmTC_cc33b.dir/build.make CMakeFiles/cmTC_cc33b.dir/build
gmake[1]: Entering directory '/home/hady/teleop/gbot_ws/build/libdatachannel/CMakeFiles/CMakeTmp'
Building C object CMakeFiles/cmTC_cc33b.dir/CheckIncludeFile.c.o
/usr/bin/cc   -fPIE -o CMakeFiles/cmTC_cc33b.dir/CheckIncludeFile.c.o -c /home/hady/teleop/gbot_ws/build/libdatachannel/CMakeFiles/CMakeTmp/CheckIncludeFile.c
/home/hady/teleop/gbot_ws/build/libdatachannel/CMakeFiles/CMakeTmp/CheckIncludeFile.c:1:10: fatal error: sys/int_types.h: No such file or directory
    1 | #include <sys/int_types.h>
      |          ^~~~~~~~~~~~~~~~~
compilation terminated.
gmake[1]: *** [CMakeFiles/cmTC_cc33b.dir/build.make:78: CMakeFiles/cmTC_cc33b.dir/CheckIncludeFile.c.o] Error 1
gmake[1]: Leaving directory '/home/hady/teleop/gbot_ws/build/libdatachannel/CMakeFiles/CMakeTmp'
gmake: *** [Makefile:127: cmTC_cc33b/fast] Error 2



Determining if the include file windows.h exists failed with the following output:
Change Dir: /home/hady/teleop/gbot_ws/build/libdatachannel/CMakeFiles/CMakeTmp

Run Build Command(s):/usr/bin/gmake -f Makefile cmTC_38fff/fast && /usr/bin/gmake  -f CMakeFiles/cmTC_38fff.dir/build.make CMakeFiles/cmTC_38fff.dir/build
gmake[1]: Entering directory '/home/hady/teleop/gbot_ws/build/libdatachannel/CMakeFiles/CMakeTmp'
Building C object CMakeFiles/cmTC_38fff.dir/CheckIncludeFile.c.o
/usr/bin/cc   -fPIE -o CMakeFiles/cmTC_38fff.dir/CheckIncludeFile.c.o -c /home/hady/teleop/gbot_ws/build/libdatachannel/CMakeFiles/CMakeTmp/CheckIncludeFile.c
/home/hady/teleop/gbot_ws/build/libdatachannel/CMakeFiles/CMakeTmp/CheckIncludeFile.c:1:10: fatal error: windows.h: No such file or directory
    1 | #include <windows.h>
      |          ^~~~~~~~~~~
compilation terminated.
gmake[1]: *** [CMakeFiles/cmTC_38fff.dir/build.make:78: CMakeFiles/cmTC_38fff.dir/CheckIncludeFile.c.o] Error 1
gmake[1]: Leaving directory '/home/hady/teleop/gbot_ws/build/libdatachannel/CMakeFiles/CMakeTmp'
gmake: *** [Makefile:127: cmTC_38fff/fast] Error 2



Determining if the include file winsock2.h exists failed with the following output:
Change Dir: /home/hady/teleop/gbot_ws/build/libdatachannel/CMakeFiles/CMakeTmp

Run Build Command(s):/usr/bin/gmake -f Makefile cmTC_e8d31/fast && /usr/bin/gmake  -f CMakeFiles/cmTC_e8d31.dir/build.make CMakeFiles/cmTC_e8d31.dir/build
gmake[1]: Entering directory '/home/hady/teleop/gbot_ws/build/libdatachannel/CMakeFiles/CMakeTmp'
Building C object CMakeFiles/cmTC_e8d31.dir/CheckIncludeFile.c.o
/usr/bin/cc   -fPIE -o CMakeFiles/cmTC_e8d31.dir/CheckIncludeFile.c.o -c /home/hady/teleop/gbot_ws/build/libdatachannel/CMakeFiles/CMakeTmp/CheckIncludeFile.c
/home/hady/teleop/gbot_ws/build/libdatachannel/CMakeFiles/CMakeTmp/CheckIncludeFile.c:1:10: fatal error: winsock2.h: No such file or directory
    1 | #include <winsock2.h>
      |          ^~~~~~~~~~~~
compilation terminated.
gmake[1]: *** [CMakeFiles/cmTC_e8d31.dir/build.make:78: CMakeFiles/cmTC_e8d31.dir/CheckIncludeFile.c.o] Error 1
gmake[1]: Leaving directory '/home/hady/teleop/gbot_ws/build/libdatachannel/CMakeFiles/CMakeTmp'
gmake: *** [Makefile:127: cmTC_e8d31/fast] Error 2



